# JRE version: Java(TM) SE Runtime Environment (8.0_65-b17) (build 1.8.0_65-b17)
# Java VM: Java HotSpot(TM) 64-Bit Server VM (25.65-b01 mixed mode windows-amd64 compressed oops)
Heap:
 PSYoungGen      total 14336K, used 11361K [0x00000000f0180000, 0x00000000f1d80000, 0x0000000100000000)
  eden space 12288K, 75% used [0x00000000f0180000,0x00000000f0a9ab08,0x00000000f0d80000)
  from space 2048K, 99% used [0x00000000f0f80000,0x00000000f117da68,0x00000000f1180000)
  to   space 2048K, 0% used [0x00000000f0d80000,0x00000000f0d80000,0x00000000f0f80000)
 ParOldGen       total 32768K, used 1110K [0x00000000d0400000, 0x00000000d2400000, 0x00000000f0180000)
  object space 32768K, 3% used [0x00000000d0400000,0x00000000d05158f8,0x00000000d2400000)
 Metaspace       used 8853K, capacity 9080K, committed 9216K, reserved 1056768K
  class space    used 1105K, capacity 1190K, committed 1280K, reserved 1048576K
GC Heap History (4 events):
Event: 0.436 GC heap before
{Heap before GC invocations=1 (full 0):
 PSYoungGen      total 14336K, used 11966K [0x00000000f0180000, 0x00000000f1180000, 0x0000000100000000)
  eden space 12288K, 97% used [0x00000000f0180000,0x00000000f0d2f9f0,0x00000000f0d80000)
  from space 2048K, 0% used [0x00000000f0f80000,0x00000000f0f80000,0x00000000f1180000)
  to   space 2048K, 0% used [0x00000000f0d80000,0x00000000f0d80000,0x00000000f0f80000)
 ParOldGen       total 32768K, used 0K [0x00000000d0400000, 0x00000000d2400000, 0x00000000f0180000)
  object space 32768K, 0% used [0x00000000d0400000,0x00000000d0400000,0x00000000d2400000)
 Metaspace       used 8769K, capacity 9012K, committed 9216K, reserved 1056768K
  class space    used 1101K, capacity 1190K, committed 1280K, reserved 1048576K
Event: 0.439 GC heap after
Heap after GC invocations=1 (full 0):
 PSYoungGen      total 14336K, used 2036K [0x00000000f0180000, 0x00000000f1180000, 0x0000000100000000)
  eden space 12288K, 0% used [0x00000000f0180000,0x00000000f0180000,0x00000000f0d80000)
  from space 2048K, 99% used [0x00000000f0d80000,0x00000000f0f7d1a0,0x00000000f0f80000)
  to   space 2048K, 0% used [0x00000000f0f80000,0x00000000f0f80000,0x00000000f1180000)
 ParOldGen       total 32768K, used 192K [0x00000000d0400000, 0x00000000d2400000, 0x00000000f0180000)
  object space 32768K, 0% used [0x00000000d0400000,0x00000000d0430000,0x00000000d2400000)
 Metaspace       used 8769K, capacity 9012K, committed 9216K, reserved 1056768K
  class space    used 1101K, capacity 1190K, committed 1280K, reserved 1048576K
}
Event: 0.520 GC heap before
{Heap before GC invocations=2 (full 0):
 PSYoungGen      total 14336K, used 14324K [0x00000000f0180000, 0x00000000f1180000, 0x0000000100000000)
  eden space 12288K, 100% used [0x00000000f0180000,0x00000000f0d80000,0x00000000f0d80000)
  from space 2048K, 99% used [0x00000000f0d80000,0x00000000f0f7d1a0,0x00000000f0f80000)
  to   space 2048K, 0% used [0x00000000f0f80000,0x00000000f0f80000,0x00000000f1180000)
 ParOldGen       total 32768K, used 192K [0x00000000d0400000, 0x00000000d2400000, 0x00000000f0180000)
  object space 32768K, 0% used [0x00000000d0400000,0x00000000d0430020,0x00000000d2400000)
 Metaspace       used 8777K, capacity 9012K, committed 9216K, reserved 1056768K
  class space    used 1101K, capacity 1190K, committed 1280K, reserved 1048576K
Event: 0.522 GC heap after
Heap after GC invocations=2 (full 0):
 PSYoungGen      total 14336K, used 2038K [0x00000000f0180000, 0x00000000f1d80000, 0x0000000100000000)
  eden space 12288K, 0% used [0x00000000f0180000,0x00000000f0180000,0x00000000f0d80000)
  from space 2048K, 99% used [0x00000000f0f80000,0x00000000f117da68,0x00000000f1180000)
  to   space 2048K, 0% used [0x00000000f0d80000,0x00000000f0d80000,0x00000000f0f80000)
 ParOldGen       total 32768K, used 1110K [0x00000000d0400000, 0x00000000d2400000, 0x00000000f0180000)
  object space 32768K, 3% used [0x00000000d0400000,0x00000000d05158f8,0x00000000d2400000)
 Metaspace       used 8777K, capacity 9012K, committed 9216K, reserved 1056768K
  class space    used 1101K, capacity 1190K, committed 1280K, reserved 1048576K
}

